<?xml version="1.0" encoding="UTF-8"?>
<testsuite name="com.github.jobjava00.microservicea.MicroserviceAApplicationTests" tests="1" skipped="0" failures="0" errors="0" timestamp="2019-04-14T12:33:15" hostname="SURFACE-UIENW00" time="0.772">
  <properties/>
  <testcase name="contextLoads" classname="com.github.jobjava00.microservicea.MicroserviceAApplicationTests" time="0.772"/>
  <system-out><![CDATA[21:32:42.357 [Test worker] DEBUG org.springframework.test.context.junit4.SpringJUnit4ClassRunner - SpringJUnit4ClassRunner constructor called with [class com.github.jobjava00.microservicea.MicroserviceAApplicationTests]
21:32:42.376 [Test worker] DEBUG org.springframework.test.context.BootstrapUtils - Instantiating CacheAwareContextLoaderDelegate from class [org.springframework.test.context.cache.DefaultCacheAwareContextLoaderDelegate]
21:32:42.391 [Test worker] DEBUG org.springframework.test.context.BootstrapUtils - Instantiating BootstrapContext using constructor [public org.springframework.test.context.support.DefaultBootstrapContext(java.lang.Class,org.springframework.test.context.CacheAwareContextLoaderDelegate)]
21:32:42.417 [Test worker] DEBUG org.springframework.test.context.BootstrapUtils - Instantiating TestContextBootstrapper for test class [com.github.jobjava00.microservicea.MicroserviceAApplicationTests] from class [org.springframework.boot.test.context.SpringBootTestContextBootstrapper]
21:32:42.437 [Test worker] INFO org.springframework.boot.test.context.SpringBootTestContextBootstrapper - Neither @ContextConfiguration nor @ContextHierarchy found for test class [com.github.jobjava00.microservicea.MicroserviceAApplicationTests], using SpringBootContextLoader
21:32:42.444 [Test worker] DEBUG org.springframework.test.context.support.AbstractContextLoader - Did not detect default resource location for test class [com.github.jobjava00.microservicea.MicroserviceAApplicationTests]: class path resource [com/github/jobjava00/microservicea/MicroserviceAApplicationTests-context.xml] does not exist
21:32:42.446 [Test worker] DEBUG org.springframework.test.context.support.AbstractContextLoader - Did not detect default resource location for test class [com.github.jobjava00.microservicea.MicroserviceAApplicationTests]: class path resource [com/github/jobjava00/microservicea/MicroserviceAApplicationTestsContext.groovy] does not exist
21:32:42.446 [Test worker] INFO org.springframework.test.context.support.AbstractContextLoader - Could not detect default resource locations for test class [com.github.jobjava00.microservicea.MicroserviceAApplicationTests]: no resource found for suffixes {-context.xml, Context.groovy}.
21:32:42.448 [Test worker] INFO org.springframework.test.context.support.AnnotationConfigContextLoaderUtils - Could not detect default configuration classes for test class [com.github.jobjava00.microservicea.MicroserviceAApplicationTests]: MicroserviceAApplicationTests does not declare any static, non-private, non-final, nested classes annotated with @Configuration.
21:32:42.537 [Test worker] DEBUG org.springframework.test.context.support.ActiveProfilesUtils - Could not find an 'annotation declaring class' for annotation type [org.springframework.test.context.ActiveProfiles] and class [com.github.jobjava00.microservicea.MicroserviceAApplicationTests]
21:32:42.666 [Test worker] DEBUG org.springframework.context.annotation.ClassPathScanningCandidateComponentProvider - Identified candidate component class: file [C:\dev\workspace\study\spring-boot-cloud\microservice-a\build\classes\java\main\com\github\jobjava00\microservicea\MicroserviceAApplication.class]
21:32:42.668 [Test worker] INFO org.springframework.boot.test.context.SpringBootTestContextBootstrapper - Found @SpringBootConfiguration com.github.jobjava00.microservicea.MicroserviceAApplication for test class com.github.jobjava00.microservicea.MicroserviceAApplicationTests
21:32:42.842 [Test worker] DEBUG org.springframework.boot.test.context.SpringBootTestContextBootstrapper - @TestExecutionListeners is not present for class [com.github.jobjava00.microservicea.MicroserviceAApplicationTests]: using defaults.
21:32:42.843 [Test worker] INFO org.springframework.boot.test.context.SpringBootTestContextBootstrapper - Loaded default TestExecutionListener class names from location [META-INF/spring.factories]: [org.springframework.boot.test.autoconfigure.restdocs.RestDocsTestExecutionListener, org.springframework.boot.test.autoconfigure.web.client.MockRestServiceServerResetTestExecutionListener, org.springframework.boot.test.autoconfigure.web.servlet.MockMvcPrintOnlyOnFailureTestExecutionListener, org.springframework.boot.test.autoconfigure.web.servlet.WebDriverTestExecutionListener, org.springframework.boot.test.mock.mockito.MockitoTestExecutionListener, org.springframework.boot.test.mock.mockito.ResetMocksTestExecutionListener, org.springframework.test.context.web.ServletTestExecutionListener, org.springframework.test.context.support.DirtiesContextBeforeModesTestExecutionListener, org.springframework.test.context.support.DependencyInjectionTestExecutionListener, org.springframework.test.context.support.DirtiesContextTestExecutionListener, org.springframework.test.context.transaction.TransactionalTestExecutionListener, org.springframework.test.context.jdbc.SqlScriptsTestExecutionListener]
21:32:42.894 [Test worker] INFO org.springframework.boot.test.context.SpringBootTestContextBootstrapper - Using TestExecutionListeners: [org.springframework.test.context.web.ServletTestExecutionListener@53b3f3c6, org.springframework.test.context.support.DirtiesContextBeforeModesTestExecutionListener@20beb14d, org.springframework.boot.test.mock.mockito.MockitoTestExecutionListener@5bcd19e8, org.springframework.boot.test.autoconfigure.SpringBootDependencyInjectionTestExecutionListener@74a4c4d9, org.springframework.test.context.support.DirtiesContextTestExecutionListener@38452448, org.springframework.test.context.transaction.TransactionalTestExecutionListener@6da4ded4, org.springframework.test.context.jdbc.SqlScriptsTestExecutionListener@5e1588d1, org.springframework.boot.test.autoconfigure.restdocs.RestDocsTestExecutionListener@cc51dc6, org.springframework.boot.test.autoconfigure.web.client.MockRestServiceServerResetTestExecutionListener@1d330f72, org.springframework.boot.test.autoconfigure.web.servlet.MockMvcPrintOnlyOnFailureTestExecutionListener@562a207e, org.springframework.boot.test.autoconfigure.web.servlet.WebDriverTestExecutionListener@240b796a, org.springframework.boot.test.mock.mockito.ResetMocksTestExecutionListener@847b00]
21:32:42.903 [Test worker] DEBUG org.springframework.test.annotation.ProfileValueUtils - Retrieved @ProfileValueSourceConfiguration [null] for test class [com.github.jobjava00.microservicea.MicroserviceAApplicationTests]
21:32:42.905 [Test worker] DEBUG org.springframework.test.annotation.ProfileValueUtils - Retrieved ProfileValueSource type [class org.springframework.test.annotation.SystemProfileValueSource] for class [com.github.jobjava00.microservicea.MicroserviceAApplicationTests]
21:32:42.907 [Test worker] DEBUG org.springframework.test.annotation.ProfileValueUtils - Retrieved @ProfileValueSourceConfiguration [null] for test class [com.github.jobjava00.microservicea.MicroserviceAApplicationTests]
21:32:42.909 [Test worker] DEBUG org.springframework.test.annotation.ProfileValueUtils - Retrieved ProfileValueSource type [class org.springframework.test.annotation.SystemProfileValueSource] for class [com.github.jobjava00.microservicea.MicroserviceAApplicationTests]
21:32:42.926 [Test worker] DEBUG org.springframework.test.context.support.AbstractDirtiesContextTestExecutionListener - Before test class: context [DefaultTestContext@3975f284 testClass = MicroserviceAApplicationTests, testInstance = [null], testMethod = [null], testException = [null], mergedContextConfiguration = [WebMergedContextConfiguration@79ec2698 testClass = MicroserviceAApplicationTests, locations = '{}', classes = '{class com.github.jobjava00.microservicea.MicroserviceAApplication}', contextInitializerClasses = '[]', activeProfiles = '{}', propertySourceLocations = '{}', propertySourceProperties = '{org.springframework.boot.test.context.SpringBootTestContextBootstrapper=true}', contextCustomizers = set[org.springframework.boot.test.autoconfigure.properties.PropertyMappingContextCustomizer@0, org.springframework.boot.test.autoconfigure.web.servlet.WebDriverContextCustomizerFactory$Customizer@3ab51a92, org.springframework.boot.test.context.filter.ExcludeFilterContextCustomizer@51642a4d, org.springframework.boot.test.json.DuplicateJsonObjectContextCustomizerFactory$DuplicateJsonObjectContextCustomizer@3ef0a684, org.springframework.boot.test.mock.mockito.MockitoContextCustomizer@0, org.springframework.boot.test.web.client.TestRestTemplateContextCustomizer@2e3c6681], resourceBasePath = 'src/main/webapp', contextLoader = 'org.springframework.boot.test.context.SpringBootContextLoader', parent = [null]], attributes = map['org.springframework.test.context.web.ServletTestExecutionListener.activateListener' -> true]], class annotated with @DirtiesContext [false] with mode [null].
21:32:42.930 [Test worker] DEBUG org.springframework.test.annotation.ProfileValueUtils - Retrieved @ProfileValueSourceConfiguration [null] for test class [com.github.jobjava00.microservicea.MicroserviceAApplicationTests]
21:32:42.933 [Test worker] DEBUG org.springframework.test.annotation.ProfileValueUtils - Retrieved ProfileValueSource type [class org.springframework.test.annotation.SystemProfileValueSource] for class [com.github.jobjava00.microservicea.MicroserviceAApplicationTests]
21:32:43.000 [Test worker] DEBUG org.springframework.test.context.support.TestPropertySourceUtils - Adding inlined properties to environment: {spring.jmx.enabled=false, org.springframework.boot.test.context.SpringBootTestContextBootstrapper=true, server.port=-1}
2019-04-14 21:32:46.191  INFO 17016 --- [    Test worker] trationDelegate$BeanPostProcessorChecker : Bean 'org.springframework.cloud.autoconfigure.ConfigurationPropertiesRebinderAutoConfiguration' of type [org.springframework.cloud.autoconfigure.ConfigurationPropertiesRebinderAutoConfiguration$$EnhancerBySpringCGLIB$$802b3c96] is not eligible for getting processed by all BeanPostProcessors (for example: not eligible for auto-proxying)

  .   ____          _            __ _ _
 /\\ / ___'_ __ _ _(_)_ __  __ _ \ \ \ \
( ( )\___ | '_ | '_| | '_ \/ _` | \ \ \ \
 \\/  ___)| |_)| | | | | || (_| |  ) ) ) )
  '  |____| .__|_| |_|_| |_\__, | / / / /
 =========|_|==============|___/=/_/_/_/
 :: Spring Boot ::        (v2.1.4.RELEASE)

2019-04-14 21:32:48.309  INFO 17016 --- [    Test worker] c.c.c.ConfigServicePropertySourceLocator : Fetching config from server at : http://localhost:8888
2019-04-14 21:32:50.543  INFO 17016 --- [    Test worker] c.c.c.ConfigServicePropertySourceLocator : Located environment: name=microservice-a, profiles=[dev], label=null, version=6afde2c46429912cdeec160c1920528346eb6595, state=null
2019-04-14 21:32:50.545  INFO 17016 --- [    Test worker] b.c.PropertySourceBootstrapConfiguration : Located property source: CompositePropertySource {name='configService', propertySources=[MapPropertySource {name='configClient'}, MapPropertySource {name='file:///C:/dev/workspace/study/spring-boot-cloud/git-localconfig-repo/microservice-a-dev.properties'}, MapPropertySource {name='file:///C:/dev/workspace/study/spring-boot-cloud/git-localconfig-repo/microservice-a.properties'}]}
2019-04-14 21:32:50.573  INFO 17016 --- [    Test worker] c.g.j.m.MicroserviceAApplicationTests    : The following profiles are active: dev
2019-04-14 21:32:52.398  INFO 17016 --- [    Test worker] o.s.cloud.context.scope.GenericScope     : BeanFactory id=8080a7f6-75df-3bfa-a23b-0f1e0c7fe194
2019-04-14 21:32:52.458  INFO 17016 --- [    Test worker] faultConfiguringBeanFactoryPostProcessor : No bean named 'errorChannel' has been explicitly defined. Therefore, a default PublishSubscribeChannel will be created.
2019-04-14 21:32:52.471  INFO 17016 --- [    Test worker] faultConfiguringBeanFactoryPostProcessor : No bean named 'taskScheduler' has been explicitly defined. Therefore, a default ThreadPoolTaskScheduler will be created.
2019-04-14 21:32:52.496  INFO 17016 --- [    Test worker] faultConfiguringBeanFactoryPostProcessor : No bean named 'integrationHeaderChannelRegistry' has been explicitly defined. Therefore, a default DefaultHeaderChannelRegistry will be created.
2019-04-14 21:32:52.654  INFO 17016 --- [    Test worker] trationDelegate$BeanPostProcessorChecker : Bean 'org.springframework.integration.config.IntegrationManagementConfiguration' of type [org.springframework.integration.config.IntegrationManagementConfiguration$$EnhancerBySpringCGLIB$$cf02f4c8] is not eligible for getting processed by all BeanPostProcessors (for example: not eligible for auto-proxying)
2019-04-14 21:32:52.709  INFO 17016 --- [    Test worker] trationDelegate$BeanPostProcessorChecker : Bean 'integrationDisposableAutoCreatedBeans' of type [org.springframework.integration.config.annotation.Disposables] is not eligible for getting processed by all BeanPostProcessors (for example: not eligible for auto-proxying)
2019-04-14 21:32:52.749  INFO 17016 --- [    Test worker] trationDelegate$BeanPostProcessorChecker : Bean 'org.springframework.cloud.autoconfigure.ConfigurationPropertiesRebinderAutoConfiguration' of type [org.springframework.cloud.autoconfigure.ConfigurationPropertiesRebinderAutoConfiguration$$EnhancerBySpringCGLIB$$802b3c96] is not eligible for getting processed by all BeanPostProcessors (for example: not eligible for auto-proxying)
2019-04-14 21:32:54.592  INFO 17016 --- [    Test worker] o.s.s.concurrent.ThreadPoolTaskExecutor  : Initializing ExecutorService 'applicationTaskExecutor'
2019-04-14 21:32:58.218  INFO 17016 --- [    Test worker] o.s.cloud.commons.util.InetUtils         : Cannot determine local hostname
2019-04-14 21:32:58.459  INFO 17016 --- [    Test worker] o.s.s.c.ThreadPoolTaskScheduler          : Initializing ExecutorService 'taskScheduler'
2019-04-14 21:32:58.794  INFO 17016 --- [    Test worker] o.s.c.s.m.DirectWithAttributesChannel    : Channel 'microservice-a-1.springCloudBusInput' has 1 subscriber(s).
2019-04-14 21:32:58.800  INFO 17016 --- [    Test worker] o.s.i.endpoint.EventDrivenConsumer       : Adding {logging-channel-adapter:_org.springframework.integration.errorLogger} as a subscriber to the 'errorChannel' channel
2019-04-14 21:32:58.801  INFO 17016 --- [    Test worker] o.s.i.channel.PublishSubscribeChannel    : Channel 'microservice-a-1.errorChannel' has 1 subscriber(s).
2019-04-14 21:32:58.801  INFO 17016 --- [    Test worker] o.s.i.endpoint.EventDrivenConsumer       : started _org.springframework.integration.errorLogger
2019-04-14 21:33:01.005  INFO 17016 --- [    Test worker] c.c.c.ConfigServicePropertySourceLocator : Fetching config from server at : http://localhost:8888
2019-04-14 21:33:02.819  INFO 17016 --- [    Test worker] c.c.c.ConfigServicePropertySourceLocator : Located environment: name=microservice-a, profiles=[dev], label=null, version=6afde2c46429912cdeec160c1920528346eb6595, state=null
2019-04-14 21:33:02.819  INFO 17016 --- [    Test worker] b.c.PropertySourceBootstrapConfiguration : Located property source: CompositePropertySource {name='configService', propertySources=[MapPropertySource {name='configClient'}, MapPropertySource {name='file:///C:/dev/workspace/study/spring-boot-cloud/git-localconfig-repo/microservice-a-dev.properties'}, MapPropertySource {name='file:///C:/dev/workspace/study/spring-boot-cloud/git-localconfig-repo/microservice-a.properties'}]}
2019-04-14 21:33:03.015  INFO 17016 --- [    Test worker] o.s.a.r.c.CachingConnectionFactory       : Attempting to connect to: [localhost:5672]
2019-04-14 21:33:05.071  INFO 17016 --- [    Test worker] o.s.c.s.m.DirectWithAttributesChannel    : Channel 'microservice-a-1.springCloudBusOutput' has 1 subscriber(s).
2019-04-14 21:33:05.112  INFO 17016 --- [    Test worker] c.s.b.r.p.RabbitExchangeQueueProvisioner : declaring queue for inbound: springCloudBus.anonymous.cfu6WL-iRzu2wZM_e_X7ng, bound to: springCloudBus
2019-04-14 21:33:05.114  INFO 17016 --- [    Test worker] o.s.a.r.c.CachingConnectionFactory       : Attempting to connect to: [localhost:5672]
2019-04-14 21:33:07.122  INFO 17016 --- [    Test worker] o.s.a.r.c.CachingConnectionFactory       : Attempting to connect to: [localhost:5672]
2019-04-14 21:33:09.144  INFO 17016 --- [    Test worker] o.s.a.r.c.CachingConnectionFactory       : Attempting to connect to: [localhost:5672]
2019-04-14 21:33:11.180  INFO 17016 --- [    Test worker] o.s.c.stream.binder.BinderErrorChannel   : Channel 'microservice-a-1.springCloudBus.anonymous.cfu6WL-iRzu2wZM_e_X7ng.errors' has 1 subscriber(s).
2019-04-14 21:33:11.181  INFO 17016 --- [    Test worker] o.s.c.stream.binder.BinderErrorChannel   : Channel 'microservice-a-1.springCloudBus.anonymous.cfu6WL-iRzu2wZM_e_X7ng.errors' has 2 subscriber(s).
2019-04-14 21:33:11.188  INFO 17016 --- [    Test worker] o.s.a.r.c.CachingConnectionFactory       : Attempting to connect to: [localhost:5672]
2019-04-14 21:33:13.214  INFO 17016 --- [    Test worker] o.s.a.r.l.SimpleMessageListenerContainer : Broker not available; cannot force queue declarations during start: java.net.ConnectException: Connection refused: connect
2019-04-14 21:33:13.233  INFO 17016 --- [zu2wZM_e_X7ng-1] o.s.a.r.c.CachingConnectionFactory       : Attempting to connect to: [localhost:5672]
2019-04-14 21:33:15.251  INFO 17016 --- [    Test worker] o.s.i.a.i.AmqpInboundChannelAdapter      : started inbound.springCloudBus.anonymous.cfu6WL-iRzu2wZM_e_X7ng
2019-04-14 21:33:15.280  INFO 17016 --- [    Test worker] c.g.j.m.MicroserviceAApplicationTests    : Started MicroserviceAApplicationTests in 32.26 seconds (JVM running for 36.875)
]]></system-out>
  <system-err><![CDATA[]]></system-err>
</testsuite>
