<?xml version="1.0" encoding="UTF-8"?>
<testsuite name="com.github.jobjava00.microservicea.MicroserviceAApplicationTests" tests="1" skipped="0" failures="0" errors="0" timestamp="2019-04-16T14:15:43" hostname="SURFACE-UIENW00" time="0.842">
  <properties/>
  <testcase name="contextLoads" classname="com.github.jobjava00.microservicea.MicroserviceAApplicationTests" time="0.842"/>
  <system-out><![CDATA[23:15:20.213 [Test worker] DEBUG org.springframework.test.context.junit4.SpringJUnit4ClassRunner - SpringJUnit4ClassRunner constructor called with [class com.github.jobjava00.microservicea.MicroserviceAApplicationTests]
23:15:20.239 [Test worker] DEBUG org.springframework.test.context.BootstrapUtils - Instantiating CacheAwareContextLoaderDelegate from class [org.springframework.test.context.cache.DefaultCacheAwareContextLoaderDelegate]
23:15:20.261 [Test worker] DEBUG org.springframework.test.context.BootstrapUtils - Instantiating BootstrapContext using constructor [public org.springframework.test.context.support.DefaultBootstrapContext(java.lang.Class,org.springframework.test.context.CacheAwareContextLoaderDelegate)]
23:15:20.294 [Test worker] DEBUG org.springframework.test.context.BootstrapUtils - Instantiating TestContextBootstrapper for test class [com.github.jobjava00.microservicea.MicroserviceAApplicationTests] from class [org.springframework.boot.test.context.SpringBootTestContextBootstrapper]
23:15:20.316 [Test worker] INFO org.springframework.boot.test.context.SpringBootTestContextBootstrapper - Neither @ContextConfiguration nor @ContextHierarchy found for test class [com.github.jobjava00.microservicea.MicroserviceAApplicationTests], using SpringBootContextLoader
23:15:20.322 [Test worker] DEBUG org.springframework.test.context.support.AbstractContextLoader - Did not detect default resource location for test class [com.github.jobjava00.microservicea.MicroserviceAApplicationTests]: class path resource [com/github/jobjava00/microservicea/MicroserviceAApplicationTests-context.xml] does not exist
23:15:20.323 [Test worker] DEBUG org.springframework.test.context.support.AbstractContextLoader - Did not detect default resource location for test class [com.github.jobjava00.microservicea.MicroserviceAApplicationTests]: class path resource [com/github/jobjava00/microservicea/MicroserviceAApplicationTestsContext.groovy] does not exist
23:15:20.324 [Test worker] INFO org.springframework.test.context.support.AbstractContextLoader - Could not detect default resource locations for test class [com.github.jobjava00.microservicea.MicroserviceAApplicationTests]: no resource found for suffixes {-context.xml, Context.groovy}.
23:15:20.325 [Test worker] INFO org.springframework.test.context.support.AnnotationConfigContextLoaderUtils - Could not detect default configuration classes for test class [com.github.jobjava00.microservicea.MicroserviceAApplicationTests]: MicroserviceAApplicationTests does not declare any static, non-private, non-final, nested classes annotated with @Configuration.
23:15:20.429 [Test worker] DEBUG org.springframework.test.context.support.ActiveProfilesUtils - Could not find an 'annotation declaring class' for annotation type [org.springframework.test.context.ActiveProfiles] and class [com.github.jobjava00.microservicea.MicroserviceAApplicationTests]
23:15:20.551 [Test worker] DEBUG org.springframework.context.annotation.ClassPathScanningCandidateComponentProvider - Identified candidate component class: file [C:\dev\workspace\study\spring-boot-cloud\microservice-a\build\classes\java\main\com\github\jobjava00\microservicea\MicroserviceAApplication.class]
23:15:20.553 [Test worker] INFO org.springframework.boot.test.context.SpringBootTestContextBootstrapper - Found @SpringBootConfiguration com.github.jobjava00.microservicea.MicroserviceAApplication for test class com.github.jobjava00.microservicea.MicroserviceAApplicationTests
23:15:20.744 [Test worker] DEBUG org.springframework.boot.test.context.SpringBootTestContextBootstrapper - @TestExecutionListeners is not present for class [com.github.jobjava00.microservicea.MicroserviceAApplicationTests]: using defaults.
23:15:20.746 [Test worker] INFO org.springframework.boot.test.context.SpringBootTestContextBootstrapper - Loaded default TestExecutionListener class names from location [META-INF/spring.factories]: [org.springframework.boot.test.autoconfigure.restdocs.RestDocsTestExecutionListener, org.springframework.boot.test.autoconfigure.web.client.MockRestServiceServerResetTestExecutionListener, org.springframework.boot.test.autoconfigure.web.servlet.MockMvcPrintOnlyOnFailureTestExecutionListener, org.springframework.boot.test.autoconfigure.web.servlet.WebDriverTestExecutionListener, org.springframework.boot.test.mock.mockito.MockitoTestExecutionListener, org.springframework.boot.test.mock.mockito.ResetMocksTestExecutionListener, org.springframework.test.context.web.ServletTestExecutionListener, org.springframework.test.context.support.DirtiesContextBeforeModesTestExecutionListener, org.springframework.test.context.support.DependencyInjectionTestExecutionListener, org.springframework.test.context.support.DirtiesContextTestExecutionListener, org.springframework.test.context.transaction.TransactionalTestExecutionListener, org.springframework.test.context.jdbc.SqlScriptsTestExecutionListener]
23:15:20.782 [Test worker] INFO org.springframework.boot.test.context.SpringBootTestContextBootstrapper - Using TestExecutionListeners: [org.springframework.test.context.web.ServletTestExecutionListener@1894e9e2, org.springframework.test.context.support.DirtiesContextBeforeModesTestExecutionListener@56a7796b, org.springframework.boot.test.mock.mockito.MockitoTestExecutionListener@48b31105, org.springframework.boot.test.autoconfigure.SpringBootDependencyInjectionTestExecutionListener@85dee03, org.springframework.test.context.support.DirtiesContextTestExecutionListener@3739dd13, org.springframework.test.context.transaction.TransactionalTestExecutionListener@5a3896be, org.springframework.test.context.jdbc.SqlScriptsTestExecutionListener@a539fc5, org.springframework.boot.test.autoconfigure.restdocs.RestDocsTestExecutionListener@6d19457a, org.springframework.boot.test.autoconfigure.web.client.MockRestServiceServerResetTestExecutionListener@1431dc8f, org.springframework.boot.test.autoconfigure.web.servlet.MockMvcPrintOnlyOnFailureTestExecutionListener@a2225d1, org.springframework.boot.test.autoconfigure.web.servlet.WebDriverTestExecutionListener@1c193ee7, org.springframework.boot.test.mock.mockito.ResetMocksTestExecutionListener@3b8c8a8b]
23:15:20.788 [Test worker] DEBUG org.springframework.test.annotation.ProfileValueUtils - Retrieved @ProfileValueSourceConfiguration [null] for test class [com.github.jobjava00.microservicea.MicroserviceAApplicationTests]
23:15:20.789 [Test worker] DEBUG org.springframework.test.annotation.ProfileValueUtils - Retrieved ProfileValueSource type [class org.springframework.test.annotation.SystemProfileValueSource] for class [com.github.jobjava00.microservicea.MicroserviceAApplicationTests]
23:15:20.790 [Test worker] DEBUG org.springframework.test.annotation.ProfileValueUtils - Retrieved @ProfileValueSourceConfiguration [null] for test class [com.github.jobjava00.microservicea.MicroserviceAApplicationTests]
23:15:20.791 [Test worker] DEBUG org.springframework.test.annotation.ProfileValueUtils - Retrieved ProfileValueSource type [class org.springframework.test.annotation.SystemProfileValueSource] for class [com.github.jobjava00.microservicea.MicroserviceAApplicationTests]
23:15:20.799 [Test worker] DEBUG org.springframework.test.context.support.AbstractDirtiesContextTestExecutionListener - Before test class: context [DefaultTestContext@626854d3 testClass = MicroserviceAApplicationTests, testInstance = [null], testMethod = [null], testException = [null], mergedContextConfiguration = [WebMergedContextConfiguration@2bbeba94 testClass = MicroserviceAApplicationTests, locations = '{}', classes = '{class com.github.jobjava00.microservicea.MicroserviceAApplication}', contextInitializerClasses = '[]', activeProfiles = '{}', propertySourceLocations = '{}', propertySourceProperties = '{org.springframework.boot.test.context.SpringBootTestContextBootstrapper=true}', contextCustomizers = set[org.springframework.boot.test.autoconfigure.properties.PropertyMappingContextCustomizer@0, org.springframework.boot.test.autoconfigure.web.servlet.WebDriverContextCustomizerFactory$Customizer@29e427e8, org.springframework.boot.test.context.filter.ExcludeFilterContextCustomizer@411b78ca, org.springframework.boot.test.json.DuplicateJsonObjectContextCustomizerFactory$DuplicateJsonObjectContextCustomizer@129c2661, org.springframework.boot.test.mock.mockito.MockitoContextCustomizer@0, org.springframework.boot.test.web.client.TestRestTemplateContextCustomizer@1cbcc3f2], resourceBasePath = 'src/main/webapp', contextLoader = 'org.springframework.boot.test.context.SpringBootContextLoader', parent = [null]], attributes = map['org.springframework.test.context.web.ServletTestExecutionListener.activateListener' -> true]], class annotated with @DirtiesContext [false] with mode [null].
23:15:20.800 [Test worker] DEBUG org.springframework.test.annotation.ProfileValueUtils - Retrieved @ProfileValueSourceConfiguration [null] for test class [com.github.jobjava00.microservicea.MicroserviceAApplicationTests]
23:15:20.801 [Test worker] DEBUG org.springframework.test.annotation.ProfileValueUtils - Retrieved ProfileValueSource type [class org.springframework.test.annotation.SystemProfileValueSource] for class [com.github.jobjava00.microservicea.MicroserviceAApplicationTests]
23:15:20.838 [Test worker] DEBUG org.springframework.test.context.support.TestPropertySourceUtils - Adding inlined properties to environment: {spring.jmx.enabled=false, org.springframework.boot.test.context.SpringBootTestContextBootstrapper=true, server.port=-1}
2019-04-16 23:15:24.184  INFO 17452 --- [    Test worker] trationDelegate$BeanPostProcessorChecker : Bean 'org.springframework.cloud.autoconfigure.ConfigurationPropertiesRebinderAutoConfiguration' of type [org.springframework.cloud.autoconfigure.ConfigurationPropertiesRebinderAutoConfiguration$$EnhancerBySpringCGLIB$$570a2937] is not eligible for getting processed by all BeanPostProcessors (for example: not eligible for auto-proxying)

  .   ____          _            __ _ _
 /\\ / ___'_ __ _ _(_)_ __  __ _ \ \ \ \
( ( )\___ | '_ | '_| | '_ \/ _` | \ \ \ \
 \\/  ___)| |_)| | | | | || (_| |  ) ) ) )
  '  |____| .__|_| |_|_| |_\__, | / / / /
 =========|_|==============|___/=/_/_/_/
 :: Spring Boot ::        (v2.1.4.RELEASE)

2019-04-16 23:15:26.338  INFO 17452 --- [    Test worker] c.c.c.ConfigServicePropertySourceLocator : Fetching config from server at : http://localhost:8888
2019-04-16 23:15:29.319  INFO 17452 --- [    Test worker] c.c.c.ConfigServicePropertySourceLocator : Located environment: name=microservice-a, profiles=[dev], label=null, version=3b5e4a08efad1f58235985d0b2e5bc6453eb16e1, state=null
2019-04-16 23:15:29.319  INFO 17452 --- [    Test worker] b.c.PropertySourceBootstrapConfiguration : Located property source: CompositePropertySource {name='configService', propertySources=[MapPropertySource {name='configClient'}, MapPropertySource {name='https://github.com/jobjava00/git-config-repository.git/microservice-a-dev.properties'}, MapPropertySource {name='https://github.com/jobjava00/git-config-repository.git/microservice-a.properties'}]}
2019-04-16 23:15:29.339  INFO 17452 --- [    Test worker] c.g.j.m.MicroserviceAApplicationTests    : The following profiles are active: dev
2019-04-16 23:15:30.570  WARN 17452 --- [    Test worker] o.s.boot.actuate.endpoint.EndpointId     : Endpoint ID 'bus-env' contains invalid characters, please migrate to a valid format.
2019-04-16 23:15:30.577  WARN 17452 --- [    Test worker] o.s.boot.actuate.endpoint.EndpointId     : Endpoint ID 'bus-refresh' contains invalid characters, please migrate to a valid format.
2019-04-16 23:15:31.423  INFO 17452 --- [    Test worker] o.s.cloud.context.scope.GenericScope     : BeanFactory id=1d9ac5c7-e222-3a46-aeee-2d2c0f975aad
2019-04-16 23:15:31.495  INFO 17452 --- [    Test worker] faultConfiguringBeanFactoryPostProcessor : No bean named 'errorChannel' has been explicitly defined. Therefore, a default PublishSubscribeChannel will be created.
2019-04-16 23:15:31.507  INFO 17452 --- [    Test worker] faultConfiguringBeanFactoryPostProcessor : No bean named 'taskScheduler' has been explicitly defined. Therefore, a default ThreadPoolTaskScheduler will be created.
2019-04-16 23:15:31.520  INFO 17452 --- [    Test worker] faultConfiguringBeanFactoryPostProcessor : No bean named 'integrationHeaderChannelRegistry' has been explicitly defined. Therefore, a default DefaultHeaderChannelRegistry will be created.
2019-04-16 23:15:31.697  INFO 17452 --- [    Test worker] trationDelegate$BeanPostProcessorChecker : Bean 'integrationDisposableAutoCreatedBeans' of type [org.springframework.integration.config.annotation.Disposables] is not eligible for getting processed by all BeanPostProcessors (for example: not eligible for auto-proxying)
2019-04-16 23:15:31.762  INFO 17452 --- [    Test worker] trationDelegate$BeanPostProcessorChecker : Bean 'org.springframework.integration.config.IntegrationManagementConfiguration' of type [org.springframework.integration.config.IntegrationManagementConfiguration$$EnhancerBySpringCGLIB$$a5e1e169] is not eligible for getting processed by all BeanPostProcessors (for example: not eligible for auto-proxying)
2019-04-16 23:15:31.803  INFO 17452 --- [    Test worker] trationDelegate$BeanPostProcessorChecker : Bean 'org.springframework.cloud.autoconfigure.ConfigurationPropertiesRebinderAutoConfiguration' of type [org.springframework.cloud.autoconfigure.ConfigurationPropertiesRebinderAutoConfiguration$$EnhancerBySpringCGLIB$$570a2937] is not eligible for getting processed by all BeanPostProcessors (for example: not eligible for auto-proxying)
2019-04-16 23:15:33.778  INFO 17452 --- [    Test worker] o.s.s.concurrent.ThreadPoolTaskExecutor  : Initializing ExecutorService 'applicationTaskExecutor'
2019-04-16 23:15:35.813  INFO 17452 --- [    Test worker] o.s.s.c.ThreadPoolTaskScheduler          : Initializing ExecutorService 'taskScheduler'
2019-04-16 23:15:38.567  INFO 17452 --- [    Test worker] o.s.cloud.commons.util.InetUtils         : Cannot determine local hostname
2019-04-16 23:15:38.801  INFO 17452 --- [    Test worker] o.s.b.a.e.web.EndpointLinksResolver      : Exposing 2 endpoint(s) beneath base path '/actuator'
2019-04-16 23:15:39.063  INFO 17452 --- [    Test worker] o.s.c.s.m.DirectWithAttributesChannel    : Channel 'microservice-a-1.springCloudBusInput' has 1 subscriber(s).
2019-04-16 23:15:39.105  INFO 17452 --- [    Test worker] o.s.i.endpoint.EventDrivenConsumer       : Adding {logging-channel-adapter:_org.springframework.integration.errorLogger} as a subscriber to the 'errorChannel' channel
2019-04-16 23:15:39.105  INFO 17452 --- [    Test worker] o.s.i.channel.PublishSubscribeChannel    : Channel 'microservice-a-1.errorChannel' has 1 subscriber(s).
2019-04-16 23:15:39.106  INFO 17452 --- [    Test worker] o.s.i.endpoint.EventDrivenConsumer       : started _org.springframework.integration.errorLogger
2019-04-16 23:15:41.006  INFO 17452 --- [    Test worker] c.c.c.ConfigServicePropertySourceLocator : Fetching config from server at : http://localhost:8888
2019-04-16 23:15:43.211  INFO 17452 --- [    Test worker] c.c.c.ConfigServicePropertySourceLocator : Located environment: name=microservice-a, profiles=[dev], label=null, version=3b5e4a08efad1f58235985d0b2e5bc6453eb16e1, state=null
2019-04-16 23:15:43.211  INFO 17452 --- [    Test worker] b.c.PropertySourceBootstrapConfiguration : Located property source: CompositePropertySource {name='configService', propertySources=[MapPropertySource {name='configClient'}, MapPropertySource {name='https://github.com/jobjava00/git-config-repository.git/microservice-a-dev.properties'}, MapPropertySource {name='https://github.com/jobjava00/git-config-repository.git/microservice-a.properties'}]}
2019-04-16 23:15:43.476  INFO 17452 --- [    Test worker] o.s.a.r.c.CachingConnectionFactory       : Attempting to connect to: [localhost:5672]
2019-04-16 23:15:43.628  INFO 17452 --- [    Test worker] o.s.a.r.c.CachingConnectionFactory       : Created new connection: rabbitConnectionFactory#fd7aee7:0/SimpleConnection@89f0dd2 [delegate=amqp://guest@127.0.0.1:5672/, localPort= 50795]
2019-04-16 23:15:43.714  INFO 17452 --- [    Test worker] o.s.c.s.m.DirectWithAttributesChannel    : Channel 'microservice-a-1.springCloudBusOutput' has 1 subscriber(s).
2019-04-16 23:15:43.758  INFO 17452 --- [    Test worker] c.s.b.r.p.RabbitExchangeQueueProvisioner : declaring queue for inbound: springCloudBus.anonymous.6ncx_H8_TDyVww3WMYGxYw, bound to: springCloudBus
2019-04-16 23:15:43.799  INFO 17452 --- [    Test worker] o.s.c.stream.binder.BinderErrorChannel   : Channel 'microservice-a-1.springCloudBus.anonymous.6ncx_H8_TDyVww3WMYGxYw.errors' has 1 subscriber(s).
2019-04-16 23:15:43.801  INFO 17452 --- [    Test worker] o.s.c.stream.binder.BinderErrorChannel   : Channel 'microservice-a-1.springCloudBus.anonymous.6ncx_H8_TDyVww3WMYGxYw.errors' has 2 subscriber(s).
2019-04-16 23:15:43.835  INFO 17452 --- [    Test worker] o.s.i.a.i.AmqpInboundChannelAdapter      : started inbound.springCloudBus.anonymous.6ncx_H8_TDyVww3WMYGxYw
2019-04-16 23:15:43.879  INFO 17452 --- [    Test worker] c.g.j.m.MicroserviceAApplicationTests    : Started MicroserviceAApplicationTests in 23.023 seconds (JVM running for 25.491)
]]></system-out>
  <system-err><![CDATA[]]></system-err>
</testsuite>
